# JRE version: Java(TM) SE Runtime Environment (8.0_131-b11) (build 1.8.0_131-b11)
# Java VM: Java HotSpot(TM) 64-Bit Server VM (25.131-b11 mixed mode linux-amd64 compressed oops)
Heap:
 PSYoungGen      total 106496K, used 32922K [0x00000000eab00000, 0x00000000f1f00000, 0x0000000100000000)
  eden space 96768K, 24% used [0x00000000eab00000,0x00000000ec285458,0x00000000f0980000)
  from space 9728K, 90% used [0x00000000f1400000,0x00000000f1ca1418,0x00000000f1d80000)
  to   space 10752K, 0% used [0x00000000f0980000,0x00000000f0980000,0x00000000f1400000)
 ParOldGen       total 137728K, used 53666K [0x00000000c0000000, 0x00000000c8680000, 0x00000000eab00000)
  object space 137728K, 38% used [0x00000000c0000000,0x00000000c3468848,0x00000000c8680000)
 Metaspace       used 57668K, capacity 64466K, committed 64640K, reserved 1103872K
  class space    used 7228K, capacity 9228K, committed 9344K, reserved 1048576K
GC Heap History (10 events):
Event: 9,213 GC heap before
{Heap before GC invocations=14 (full 3):
 PSYoungGen      total 82944K, used 7380K [0x00000000eab00000, 0x00000000f1100000, 0x0000000100000000)
  eden space 73728K, 0% used [0x00000000eab00000,0x00000000eab00000,0x00000000ef300000)
  from space 9216K, 80% used [0x00000000ef300000,0x00000000efa350c8,0x00000000efc00000)
  to   space 9728K, 0% used [0x00000000f0780000,0x00000000f0780000,0x00000000f1100000)
 ParOldGen       total 52224K, used 19608K [0x00000000c0000000, 0x00000000c3300000, 0x00000000eab00000)
  object space 52224K, 37% used [0x00000000c0000000,0x00000000c1326180,0x00000000c3300000)
 Metaspace       used 40614K, capacity 45046K, committed 45160K, reserved 1089536K
  class space    used 5022K, capacity 6132K, committed 6144K, reserved 1048576K
Event: 9,382 GC heap after
Heap after GC invocations=14 (full 3):
 PSYoungGen      total 82944K, used 0K [0x00000000eab00000, 0x00000000f1100000, 0x0000000100000000)
  eden space 73728K, 0% used [0x00000000eab00000,0x00000000eab00000,0x00000000ef300000)
  from space 9216K, 0% used [0x00000000ef300000,0x00000000ef300000,0x00000000efc00000)
  to   space 9728K, 0% used [0x00000000f0780000,0x00000000f0780000,0x00000000f1100000)
 ParOldGen       total 68608K, used 25119K [0x00000000c0000000, 0x00000000c4300000, 0x00000000eab00000)
  object space 68608K, 36% used [0x00000000c0000000,0x00000000c1887c20,0x00000000c4300000)
 Metaspace       used 40614K, capacity 45046K, committed 45160K, reserved 1089536K
  class space    used 5022K, capacity 6132K, committed 6144K, reserved 1048576K
}
Event: 10,271 GC heap before
{Heap before GC invocations=15 (full 3):
 PSYoungGen      total 82944K, used 73728K [0x00000000eab00000, 0x00000000f1100000, 0x0000000100000000)
  eden space 73728K, 100% used [0x00000000eab00000,0x00000000ef300000,0x00000000ef300000)
  from space 9216K, 0% used [0x00000000ef300000,0x00000000ef300000,0x00000000efc00000)
  to   space 9728K, 0% used [0x00000000f0780000,0x00000000f0780000,0x00000000f1100000)
 ParOldGen       total 68608K, used 25119K [0x00000000c0000000, 0x00000000c4300000, 0x00000000eab00000)
  object space 68608K, 36% used [0x00000000c0000000,0x00000000c1887c20,0x00000000c4300000)
 Metaspace       used 44013K, capacity 48942K, committed 49152K, reserved 1091584K
  class space    used 5430K, capacity 6642K, committed 6656K, reserved 1048576K
Event: 10,294 GC heap after
Heap after GC invocations=15 (full 3):
 PSYoungGen      total 94720K, used 5997K [0x00000000eab00000, 0x00000000f1280000, 0x0000000100000000)
  eden space 84992K, 0% used [0x00000000eab00000,0x00000000eab00000,0x00000000efe00000)
  from space 9728K, 61% used [0x00000000f0780000,0x00000000f0d5b6a0,0x00000000f1100000)
  to   space 9728K, 0% used [0x00000000efe00000,0x00000000efe00000,0x00000000f0780000)
 ParOldGen       total 115712K, used 94423K [0x00000000c0000000, 0x00000000c7100000, 0x00000000eab00000)
  object space 115712K, 81% used [0x00000000c0000000,0x00000000c5c35d98,0x00000000c7100000)
 Metaspace       used 44013K, capacity 48942K, committed 49152K, reserved 1091584K
  class space    used 5430K, capacity 6642K, committed 6656K, reserved 1048576K
}
Event: 10,294 GC heap before
{Heap before GC invocations=16 (full 4):
 PSYoungGen      total 94720K, used 5997K [0x00000000eab00000, 0x00000000f1280000, 0x0000000100000000)
  eden space 84992K, 0% used [0x00000000eab00000,0x00000000eab00000,0x00000000efe00000)
  from space 9728K, 61% used [0x00000000f0780000,0x00000000f0d5b6a0,0x00000000f1100000)
  to   space 9728K, 0% used [0x00000000efe00000,0x00000000efe00000,0x00000000f0780000)
 ParOldGen       total 115712K, used 94423K [0x00000000c0000000, 0x00000000c7100000, 0x00000000eab00000)
  object space 115712K, 81% used [0x00000000c0000000,0x00000000c5c35d98,0x00000000c7100000)
 Metaspace       used 44013K, capacity 48942K, committed 49152K, reserved 1091584K
  class space    used 5430K, capacity 6642K, committed 6656K, reserved 1048576K
Event: 10,353 GC heap after
Heap after GC invocations=16 (full 4):
 PSYoungGen      total 94720K, used 0K [0x00000000eab00000, 0x00000000f1280000, 0x0000000100000000)
  eden space 84992K, 0% used [0x00000000eab00000,0x00000000eab00000,0x00000000efe00000)
  from space 9728K, 0% used [0x00000000f0780000,0x00000000f0780000,0x00000000f1100000)
  to   space 9728K, 0% used [0x00000000efe00000,0x00000000efe00000,0x00000000f0780000)
 ParOldGen       total 137728K, used 53650K [0x00000000c0000000, 0x00000000c8680000, 0x00000000eab00000)
  object space 137728K, 38% used [0x00000000c0000000,0x00000000c3464848,0x00000000c8680000)
 Metaspace       used 44013K, capacity 48942K, committed 49152K, reserved 1091584K
  class space    used 5430K, capacity 6642K, committed 6656K, reserved 1048576K
}
Event: 11,476 GC heap before
{Heap before GC invocations=17 (full 4):
 PSYoungGen      total 94720K, used 84992K [0x00000000eab00000, 0x00000000f1280000, 0x0000000100000000)
  eden space 84992K, 100% used [0x00000000eab00000,0x00000000efe00000,0x00000000efe00000)
  from space 9728K, 0% used [0x00000000f0780000,0x00000000f0780000,0x00000000f1100000)
  to   space 9728K, 0% used [0x00000000efe00000,0x00000000efe00000,0x00000000f0780000)
 ParOldGen       total 137728K, used 53650K [0x00000000c0000000, 0x00000000c8680000, 0x00000000eab00000)
  object space 137728K, 38% used [0x00000000c0000000,0x00000000c3464848,0x00000000c8680000)
 Metaspace       used 49918K, capacity 56036K, committed 56192K, reserved 1097728K
  class space    used 6192K, capacity 8007K, committed 8064K, reserved 1048576K
Event: 11,483 GC heap after
Heap after GC invocations=17 (full 4):
 PSYoungGen      total 94720K, used 2980K [0x00000000eab00000, 0x00000000f1d80000, 0x0000000100000000)
  eden space 84992K, 0% used [0x00000000eab00000,0x00000000eab00000,0x00000000efe00000)
  from space 9728K, 30% used [0x00000000efe00000,0x00000000f00e9278,0x00000000f0780000)
  to   space 9728K, 0% used [0x00000000f1400000,0x00000000f1400000,0x00000000f1d80000)
 ParOldGen       total 137728K, used 53658K [0x00000000c0000000, 0x00000000c8680000, 0x00000000eab00000)
  object space 137728K, 38% used [0x00000000c0000000,0x00000000c3466848,0x00000000c8680000)
 Metaspace       used 49918K, capacity 56036K, committed 56192K, reserved 1097728K
  class space    used 6192K, capacity 8007K, committed 8064K, reserved 1048576K
}
Event: 12,250 GC heap before
{Heap before GC invocations=18 (full 4):
 PSYoungGen      total 94720K, used 87972K [0x00000000eab00000, 0x00000000f1d80000, 0x0000000100000000)
  eden space 84992K, 100% used [0x00000000eab00000,0x00000000efe00000,0x00000000efe00000)
  from space 9728K, 30% used [0x00000000efe00000,0x00000000f00e9278,0x00000000f0780000)
  to   space 9728K, 0% used [0x00000000f1400000,0x00000000f1400000,0x00000000f1d80000)
 ParOldGen       total 137728K, used 53658K [0x00000000c0000000, 0x00000000c8680000, 0x00000000eab00000)
  object space 137728K, 38% used [0x00000000c0000000,0x00000000c3466848,0x00000000c8680000)
 Metaspace       used 55030K, capacity 61476K, committed 61696K, reserved 1101824K
  class space    used 6919K, capacity 8862K, committed 8960K, reserved 1048576K
Event: 12,264 GC heap after
Heap after GC invocations=18 (full 4):
 PSYoungGen      total 106496K, used 8837K [0x00000000eab00000, 0x00000000f1f00000, 0x0000000100000000)
  eden space 96768K, 0% used [0x00000000eab00000,0x00000000eab00000,0x00000000f0980000)
  from space 9728K, 90% used [0x00000000f1400000,0x00000000f1ca1418,0x00000000f1d80000)
  to   space 10752K, 0% used [0x00000000f0980000,0x00000000f0980000,0x00000000f1400000)
 ParOldGen       total 137728K, used 53666K [0x00000000c0000000, 0x00000000c8680000, 0x00000000eab00000)
  object space 137728K, 38% used [0x00000000c0000000,0x00000000c3468848,0x00000000c8680000)
 Metaspace       used 55030K, capacity 61476K, committed 61696K, reserved 1101824K
  class space    used 6919K, capacity 8862K, committed 8960K, reserved 1048576K
}

